<?xml version="1.0" encoding="UTF-8"?>
<testsuite failures="5" name="cucumber.runtime.formatter.JUnitFormatter" skipped="0" tests="13" time="0">
<testcase classname="Tests with docstrings" name="Sample" time="0">
<system-out><![CDATA[When I use the following text:..............................................skipped
Then I should see the following text:.......................................skipped
]]></system-out>
</testcase>
<testcase classname="Sample re-run feature" name="Always passed test" time="0">
<system-out><![CDATA[Given I am in the system....................................................skipped
When I do nothing...........................................................skipped
Then I should see nothing...................................................skipped
]]></system-out>
</testcase>
<testcase classname="Sample re-run feature" name="Always failed test" time="0">
<system-out><![CDATA[Given I am in the system....................................................skipped
When I do wrong.............................................................skipped
Then I should see nothing...................................................skipped
]]></system-out>
</testcase>
<testcase classname="Sample re-run feature" name="Flaky test" time="0">
<system-out><![CDATA[Given I am in the system....................................................skipped
When I do something.........................................................skipped
Then I should see nothing...................................................skipped
]]></system-out>
</testcase>
<testcase classname="Sample re-run feature" name="outlining test" time="0">
<system-out><![CDATA[Given I am in the system....................................................skipped
When I do some 1 things.....................................................skipped
Then I should see nothing...................................................skipped
]]></system-out>
</testcase>
<testcase classname="Sample re-run feature" name="outlining test 2" time="0">
<system-out><![CDATA[Given I am in the system....................................................skipped
When I do some 2 things.....................................................skipped
Then I should see nothing...................................................skipped
]]></system-out>
</testcase>
<testcase classname="Sample re-run feature" name="outlining test 3" time="0">
<system-out><![CDATA[Given I am in the system....................................................skipped
When I do some 3 things.....................................................skipped
Then I should see nothing...................................................skipped
]]></system-out>
</testcase>
<testcase classname="Sample re-run feature" name="Some undefined scenario" time="0">
<failure message="The scenario has no steps"></failure>
</testcase>
<testcase classname="Sample re-run feature" name="Some scenario with undefined step" time="0">
<failure message="The scenario has pending or undefined step(s)"><![CDATA[Given I am in the system....................................................skipped
When I do nothing...........................................................skipped
Then I should see something.................................................undefined
]]></failure>
</testcase>
<testcase classname="Sample re-run feature" name="Some scenario outline with undefined step" time="0">
<failure message="The scenario has pending or undefined step(s)"><![CDATA[Given I am in the system....................................................skipped
When I do nothing...........................................................skipped
Then I should see 1 something...............................................undefined
]]></failure>
</testcase>
<testcase classname="Sample re-run feature" name="Some scenario outline with undefined step 2" time="0">
<failure message="The scenario has pending or undefined step(s)"><![CDATA[Given I am in the system....................................................skipped
When I do nothing...........................................................skipped
Then I should see 2 something...............................................undefined
]]></failure>
</testcase>
<testcase classname="Sample re-run feature" name="Some scenario outline with undefined step 3" time="0">
<system-out><![CDATA[Given I am in the system....................................................skipped
When I do nothing...........................................................skipped
Then I should see 3 something...............................................skipped
]]></system-out>
</testcase>
<testcase classname="Sample re-run feature" name="Some scenario outline with undefined step 4" time="0">
<failure message="The scenario has pending or undefined step(s)"><![CDATA[Given I am in the system....................................................skipped
When I do nothing...........................................................skipped
Then I should see 4 something...............................................undefined
]]></failure>
</testcase>
</testsuite>
